# JRE version: OpenJDK Runtime Environment (8.0_202-b03) (build 1.8.0_202-release-1483-b03)
# Java VM: OpenJDK 64-Bit Server VM (25.202-b03 mixed mode windows-amd64 compressed oops)
Heap:
 PSYoungGen      total 240128K, used 8828K [0x00000000e0000000, 0x00000000f3180000, 0x0000000100000000)
  eden space 174592K, 5% used [0x00000000e0000000,0x00000000e089f1a8,0x00000000eaa80000)
  from space 65536K, 0% used [0x00000000eaa80000,0x00000000eaa80000,0x00000000eea80000)
  to   space 62464K, 0% used [0x00000000ef480000,0x00000000ef480000,0x00000000f3180000)
 ParOldGen       total 305152K, used 89741K [0x00000000a0000000, 0x00000000b2a00000, 0x00000000e0000000)
  object space 305152K, 29% used [0x00000000a0000000,0x00000000a57a3650,0x00000000b2a00000)
 Metaspace       used 106897K, capacity 112772K, committed 114240K, reserved 1150976K
  class space    used 14029K, capacity 15236K, committed 15680K, reserved 1048576K
GC Heap History (10 events):
Event: 1479.934 GC heap before
{Heap before GC invocations=36 (full 4):
 PSYoungGen      total 217088K, used 158513K [0x00000000e0000000, 0x00000000f2c00000, 0x0000000100000000)
  eden space 145920K, 100% used [0x00000000e0000000,0x00000000e8e80000,0x00000000e8e80000)
  from space 71168K, 17% used [0x00000000e8e80000,0x00000000e9acc728,0x00000000ed400000)
  to   space 70656K, 0% used [0x00000000ee700000,0x00000000ee700000,0x00000000f2c00000)
 ParOldGen       total 305152K, used 102948K [0x00000000a0000000, 0x00000000b2a00000, 0x00000000e0000000)
  object space 305152K, 33% used [0x00000000a0000000,0x00000000a6489390,0x00000000b2a00000)
 Metaspace       used 95114K, capacity 100218K, committed 100288K, reserved 1136640K
  class space    used 12665K, capacity 13692K, committed 13760K, reserved 1048576K
Event: 1479.964 GC heap after
Heap after GC invocations=36 (full 4):
 PSYoungGen      total 229376K, used 14855K [0x00000000e0000000, 0x00000000f2780000, 0x0000000100000000)
  eden space 163328K, 0% used [0x00000000e0000000,0x00000000e0000000,0x00000000e9f80000)
  from space 66048K, 22% used [0x00000000ee700000,0x00000000ef581d68,0x00000000f2780000)
  to   space 69632K, 0% used [0x00000000e9f80000,0x00000000e9f80000,0x00000000ee380000)
 ParOldGen       total 305152K, used 102956K [0x00000000a0000000, 0x00000000b2a00000, 0x00000000e0000000)
  object space 305152K, 33% used [0x00000000a0000000,0x00000000a648b390,0x00000000b2a00000)
 Metaspace       used 95114K, capacity 100218K, committed 100288K, reserved 1136640K
  class space    used 12665K, capacity 13692K, committed 13760K, reserved 1048576K
}
Event: 1490.416 GC heap before
{Heap before GC invocations=37 (full 4):
 PSYoungGen      total 229376K, used 178183K [0x00000000e0000000, 0x00000000f2780000, 0x0000000100000000)
  eden space 163328K, 100% used [0x00000000e0000000,0x00000000e9f80000,0x00000000e9f80000)
  from space 66048K, 22% used [0x00000000ee700000,0x00000000ef581d68,0x00000000f2780000)
  to   space 69632K, 0% used [0x00000000e9f80000,0x00000000e9f80000,0x00000000ee380000)
 ParOldGen       total 305152K, used 102956K [0x00000000a0000000, 0x00000000b2a00000, 0x00000000e0000000)
  object space 305152K, 33% used [0x00000000a0000000,0x00000000a648b390,0x00000000b2a00000)
 Metaspace       used 96279K, capacity 101478K, committed 101568K, reserved 1136640K
  class space    used 12716K, capacity 13748K, committed 13760K, reserved 1048576K
Event: 1490.441 GC heap after
Heap after GC invocations=37 (full 4):
 PSYoungGen      total 232960K, used 13790K [0x00000000e0000000, 0x00000000f3200000, 0x0000000100000000)
  eden space 163328K, 0% used [0x00000000e0000000,0x00000000e0000000,0x00000000e9f80000)
  from space 69632K, 19% used [0x00000000e9f80000,0x00000000eacf7b58,0x00000000ee380000)
  to   space 68096K, 0% used [0x00000000eef80000,0x00000000eef80000,0x00000000f3200000)
 ParOldGen       total 305152K, used 102964K [0x00000000a0000000, 0x00000000b2a00000, 0x00000000e0000000)
  object space 305152K, 33% used [0x00000000a0000000,0x00000000a648d390,0x00000000b2a00000)
 Metaspace       used 96279K, capacity 101478K, committed 101568K, reserved 1136640K
  class space    used 12716K, capacity 13748K, committed 13760K, reserved 1048576K
}
Event: 2017.429 GC heap before
{Heap before GC invocations=38 (full 4):
 PSYoungGen      total 232960K, used 177118K [0x00000000e0000000, 0x00000000f3200000, 0x0000000100000000)
  eden space 163328K, 100% used [0x00000000e0000000,0x00000000e9f80000,0x00000000e9f80000)
  from space 69632K, 19% used [0x00000000e9f80000,0x00000000eacf7b58,0x00000000ee380000)
  to   space 68096K, 0% used [0x00000000eef80000,0x00000000eef80000,0x00000000f3200000)
 ParOldGen       total 305152K, used 102964K [0x00000000a0000000, 0x00000000b2a00000, 0x00000000e0000000)
  object space 305152K, 33% used [0x00000000a0000000,0x00000000a648d390,0x00000000b2a00000)
 Metaspace       used 106977K, capacity 113052K, committed 113216K, reserved 1146880K
  class space    used 14117K, capacity 15403K, committed 15424K, reserved 1048576K
Event: 2017.637 GC heap after
Heap after GC invocations=38 (full 4):
 PSYoungGen      total 235008K, used 31626K [0x00000000e0000000, 0x00000000f2a80000, 0x0000000100000000)
  eden space 174592K, 0% used [0x00000000e0000000,0x00000000e0000000,0x00000000eaa80000)
  from space 60416K, 52% used [0x00000000eef80000,0x00000000f0e62a60,0x00000000f2a80000)
  to   space 65536K, 0% used [0x00000000eaa80000,0x00000000eaa80000,0x00000000eea80000)
 ParOldGen       total 305152K, used 102972K [0x00000000a0000000, 0x00000000b2a00000, 0x00000000e0000000)
  object space 305152K, 33% used [0x00000000a0000000,0x00000000a648f390,0x00000000b2a00000)
 Metaspace       used 106977K, capacity 113052K, committed 113216K, reserved 1146880K
  class space    used 14117K, capacity 15403K, committed 15424K, reserved 1048576K
}
Event: 2026.342 GC heap before
{Heap before GC invocations=39 (full 4):
 PSYoungGen      total 235008K, used 84491K [0x00000000e0000000, 0x00000000f2a80000, 0x0000000100000000)
  eden space 174592K, 30% used [0x00000000e0000000,0x00000000e33a02b0,0x00000000eaa80000)
  from space 60416K, 52% used [0x00000000eef80000,0x00000000f0e62a60,0x00000000f2a80000)
  to   space 65536K, 0% used [0x00000000eaa80000,0x00000000eaa80000,0x00000000eea80000)
 ParOldGen       total 305152K, used 102972K [0x00000000a0000000, 0x00000000b2a00000, 0x00000000e0000000)
  object space 305152K, 33% used [0x00000000a0000000,0x00000000a648f390,0x00000000b2a00000)
 Metaspace       used 107807K, capacity 114072K, committed 114240K, reserved 1153024K
  class space    used 14268K, capacity 15562K, committed 15680K, reserved 1048576K
Event: 2026.481 GC heap after
Heap after GC invocations=39 (full 4):
 PSYoungGen      total 240128K, used 25730K [0x00000000e0000000, 0x00000000f3180000, 0x0000000100000000)
  eden space 174592K, 0% used [0x00000000e0000000,0x00000000e0000000,0x00000000eaa80000)
  from space 65536K, 39% used [0x00000000eaa80000,0x00000000ec3a0b18,0x00000000eea80000)
  to   space 62464K, 0% used [0x00000000ef480000,0x00000000ef480000,0x00000000f3180000)
 ParOldGen       total 305152K, used 102980K [0x00000000a0000000, 0x00000000b2a00000, 0x00000000e0000000)
  object space 305152K, 33% used [0x00000000a0000000,0x00000000a6491390,0x00000000b2a00000)
 Metaspace       used 107807K, capacity 114072K, committed 114240K, reserved 1153024K
  class space    used 14268K, capacity 15562K, committed 15680K, reserved 1048576K
}
Event: 2026.481 GC heap before
{Heap before GC invocations=40 (full 5):
 PSYoungGen      total 240128K, used 25730K [0x00000000e0000000, 0x00000000f3180000, 0x0000000100000000)
  eden space 174592K, 0% used [0x00000000e0000000,0x00000000e0000000,0x00000000eaa80000)
  from space 65536K, 39% used [0x00000000eaa80000,0x00000000ec3a0b18,0x00000000eea80000)
  to   space 62464K, 0% used [0x00000000ef480000,0x00000000ef480000,0x00000000f3180000)
 ParOldGen       total 305152K, used 102980K [0x00000000a0000000, 0x00000000b2a00000, 0x00000000e0000000)
  object space 305152K, 33% used [0x00000000a0000000,0x00000000a6491390,0x00000000b2a00000)
 Metaspace       used 107807K, capacity 114072K, committed 114240K, reserved 1153024K
  class space    used 14268K, capacity 15562K, committed 15680K, reserved 1048576K
Event: 2028.145 GC heap after
Heap after GC invocations=40 (full 5):
 PSYoungGen      total 240128K, used 0K [0x00000000e0000000, 0x00000000f3180000, 0x0000000100000000)
  eden space 174592K, 0% used [0x00000000e0000000,0x00000000e0000000,0x00000000eaa80000)
  from space 65536K, 0% used [0x00000000eaa80000,0x00000000eaa80000,0x00000000eea80000)
  to   space 62464K, 0% used [0x00000000ef480000,0x00000000ef480000,0x00000000f3180000)
 ParOldGen       total 305152K, used 89741K [0x00000000a0000000, 0x00000000b2a00000, 0x00000000e0000000)
  object space 305152K, 29% used [0x00000000a0000000,0x00000000a57a3650,0x00000000b2a00000)
 Metaspace       used 106441K, capacity 112254K, committed 114240K, reserved 1150976K
  class space    used 13978K, capacity 15171K, committed 15680K, reserved 1048576K
}

